<?xml version="1.0" encoding="UTF-8" standalone="no"?>
<!DOCTYPE log SYSTEM "logger.dtd">
<log>
<record>
  <date>2019-10-16T10:22:48</date>
  <millis>1571210568338</millis>
  <sequence>0</sequence>
  <level>START</level>
  <class>com.kms.katalon.core.logging.XmlKeywordLogger</class>
  <method>startSuite</method>
  <thread>1</thread>
  <message>Start Test Suite : Test Suites/RegMultipledata/Registration</message>
  <nestedLevel>0</nestedLevel>
  <property name="name">Registration</property>
  <property name="description"></property>
  <property name="id">Test Suites/RegMultipledata/Registration</property>
</record>
<record>
  <date>2019-10-16T10:22:48</date>
  <millis>1571210568358</millis>
  <sequence>1</sequence>
  <level>RUN_DATA</level>
  <class>com.kms.katalon.core.logging.XmlKeywordLogger</class>
  <method>logMessage</method>
  <thread>1</thread>
  <message>hostName = Cyria - DESKTOP-EG7HF8N</message>
  <nestedLevel>0</nestedLevel>
  <property name="hostName">Cyria - DESKTOP-EG7HF8N</property>
</record>
<record>
  <date>2019-10-16T10:22:48</date>
  <millis>1571210568360</millis>
  <sequence>2</sequence>
  <level>RUN_DATA</level>
  <class>com.kms.katalon.core.logging.XmlKeywordLogger</class>
  <method>logMessage</method>
  <thread>1</thread>
  <message>os = Windows 10 64bit</message>
  <nestedLevel>0</nestedLevel>
  <property name="os">Windows 10 64bit</property>
</record>
<record>
  <date>2019-10-16T10:22:48</date>
  <millis>1571210568361</millis>
  <sequence>3</sequence>
  <level>RUN_DATA</level>
  <class>com.kms.katalon.core.logging.XmlKeywordLogger</class>
  <method>logMessage</method>
  <thread>1</thread>
  <message>hostAddress = 192.168.200.64</message>
  <nestedLevel>0</nestedLevel>
  <property name="hostAddress">192.168.200.64</property>
</record>
<record>
  <date>2019-10-16T10:22:48</date>
  <millis>1571210568362</millis>
  <sequence>4</sequence>
  <level>RUN_DATA</level>
  <class>com.kms.katalon.core.logging.XmlKeywordLogger</class>
  <method>logMessage</method>
  <thread>1</thread>
  <message>katalonVersion = 6.3.3.11</message>
  <nestedLevel>0</nestedLevel>
  <property name="katalonVersion">6.3.3.11</property>
</record>
<record>
  <date>2019-10-16T10:22:48</date>
  <millis>1571210568972</millis>
  <sequence>5</sequence>
  <level>START</level>
  <class>com.kms.katalon.core.logging.XmlKeywordLogger</class>
  <method>startTest</method>
  <thread>1</thread>
  <message>Start Test Case : Test Cases/Registration</message>
  <nestedLevel>1</nestedLevel>
  <property name="name">Test Cases/Registration</property>
  <property name="description"></property>
  <property name="id">Test Cases/Registration</property>
  <property name="source">H:\\TCR\\Parabank\\Test Cases\\Registration.tc</property>
  <property name="tag"></property>
  <property name="isOptional">false</property>
</record>
<record>
  <date>2019-10-16T10:22:49</date>
  <millis>1571210569013</millis>
  <sequence>7</sequence>
  <level>INFO</level>
  <class>com.kms.katalon.core.logging.XmlKeywordLogger</class>
  <method>logMessage</method>
  <thread>1</thread>
  <message>First_name = Michael</message>
  <nestedLevel>1</nestedLevel>
</record>
<record>
  <date>2019-10-16T10:22:49</date>
  <millis>1571210569014</millis>
  <sequence>8</sequence>
  <level>INFO</level>
  <class>com.kms.katalon.core.logging.XmlKeywordLogger</class>
  <method>logMessage</method>
  <thread>1</thread>
  <message>Last_Name = Wangudi</message>
  <nestedLevel>1</nestedLevel>
</record>
<record>
  <date>2019-10-16T10:22:49</date>
  <millis>1571210569015</millis>
  <sequence>9</sequence>
  <level>INFO</level>
  <class>com.kms.katalon.core.logging.XmlKeywordLogger</class>
  <method>logMessage</method>
  <thread>1</thread>
  <message>Address = Nairobi</message>
  <nestedLevel>1</nestedLevel>
</record>
<record>
  <date>2019-10-16T10:22:49</date>
  <millis>1571210569016</millis>
  <sequence>10</sequence>
  <level>INFO</level>
  <class>com.kms.katalon.core.logging.XmlKeywordLogger</class>
  <method>logMessage</method>
  <thread>1</thread>
  <message>City = Nairobi</message>
  <nestedLevel>1</nestedLevel>
</record>
<record>
  <date>2019-10-16T10:22:49</date>
  <millis>1571210569017</millis>
  <sequence>11</sequence>
  <level>INFO</level>
  <class>com.kms.katalon.core.logging.XmlKeywordLogger</class>
  <method>logMessage</method>
  <thread>1</thread>
  <message>State = Alabama</message>
  <nestedLevel>1</nestedLevel>
</record>
<record>
  <date>2019-10-16T10:22:49</date>
  <millis>1571210569019</millis>
  <sequence>12</sequence>
  <level>INFO</level>
  <class>com.kms.katalon.core.logging.XmlKeywordLogger</class>
  <method>logMessage</method>
  <thread>1</thread>
  <message>Zip_code = 100200</message>
  <nestedLevel>1</nestedLevel>
</record>
<record>
  <date>2019-10-16T10:22:49</date>
  <millis>1571210569022</millis>
  <sequence>13</sequence>
  <level>INFO</level>
  <class>com.kms.katalon.core.logging.XmlKeywordLogger</class>
  <method>logMessage</method>
  <thread>1</thread>
  <message>Phone = +25402030020</message>
  <nestedLevel>1</nestedLevel>
</record>
<record>
  <date>2019-10-16T10:22:49</date>
  <millis>1571210569023</millis>
  <sequence>14</sequence>
  <level>INFO</level>
  <class>com.kms.katalon.core.logging.XmlKeywordLogger</class>
  <method>logMessage</method>
  <thread>1</thread>
  <message>SSN = 010301212102010200</message>
  <nestedLevel>1</nestedLevel>
</record>
<record>
  <date>2019-10-16T10:22:49</date>
  <millis>1571210569025</millis>
  <sequence>15</sequence>
  <level>INFO</level>
  <class>com.kms.katalon.core.logging.XmlKeywordLogger</class>
  <method>logMessage</method>
  <thread>1</thread>
  <message>UserName = mwangudi</message>
  <nestedLevel>1</nestedLevel>
</record>
<record>
  <date>2019-10-16T10:22:49</date>
  <millis>1571210569026</millis>
  <sequence>16</sequence>
  <level>INFO</level>
  <class>com.kms.katalon.core.logging.XmlKeywordLogger</class>
  <method>logMessage</method>
  <thread>1</thread>
  <message>Password = Pass123asai</message>
  <nestedLevel>1</nestedLevel>
</record>
<record>
  <date>2019-10-16T10:22:49</date>
  <millis>1571210569030</millis>
  <sequence>17</sequence>
  <level>INFO</level>
  <class>com.kms.katalon.core.logging.XmlKeywordLogger</class>
  <method>logMessage</method>
  <thread>1</thread>
  <message>confirm = Pass123asai</message>
  <nestedLevel>1</nestedLevel>
</record>
<record>
  <date>2019-10-16T10:22:49</date>
  <millis>1571210569897</millis>
  <sequence>18</sequence>
  <level>START</level>
  <class>com.kms.katalon.core.logging.XmlKeywordLogger</class>
  <method>startKeyword</method>
  <thread>1</thread>
  <message>Start action : openBrowser(\&amp;quot;https://parabank.parasoft.com/\&amp;quot;)</message>
  <nestedLevel>1</nestedLevel>
  <property name="startLine">16</property>
  <property name="stepIndex">1</property>
</record>
<record>
  <date>2019-10-16T10:22:50</date>
  <millis>1571210570271</millis>
  <sequence>20</sequence>
  <level>INFO</level>
  <class>com.kms.katalon.core.logging.XmlKeywordLogger</class>
  <method>logMessage</method>
  <thread>1</thread>
  <message>Starting &amp;apos;Firefox&amp;apos; driver</message>
  <nestedLevel>1</nestedLevel>
</record>
<record>
  <date>2019-10-16T10:22:50</date>
  <millis>1571210570403</millis>
  <sequence>22</sequence>
  <level>INFO</level>
  <class>com.kms.katalon.core.logging.XmlKeywordLogger</class>
  <method>logMessage</method>
  <thread>1</thread>
  <message>Action delay is set to 0 seconds</message>
  <nestedLevel>1</nestedLevel>
</record>
